c:\users\mmq\source\repos\通讯录管理系统新\通讯录管理系统新\x64\debug\vc143.pdb
c:\users\mmq\source\repos\通讯录管理系统新\通讯录管理系统新\x64\debug\vc143.idb
c:\users\mmq\source\repos\通讯录管理系统新\通讯录管理系统新\x64\debug\通讯录管理系统.obj
c:\users\mmq\source\repos\通讯录管理系统新\通讯录管理系统新\x64\debug\relative.obj
c:\users\mmq\source\repos\通讯录管理系统新\通讯录管理系统新\x64\debug\person.obj
c:\users\mmq\source\repos\通讯录管理系统新\通讯录管理系统新\x64\debug\friend.obj
c:\users\mmq\source\repos\通讯录管理系统新\通讯录管理系统新\x64\debug\colleague.obj
c:\users\mmq\source\repos\通讯录管理系统新\通讯录管理系统新\x64\debug\classmate.obj
c:\users\mmq\source\repos\通讯录管理系统新\通讯录管理系统新\x64\debug\addressbook.obj
c:\users\mmq\source\repos\通讯录管理系统新\x64\debug\通讯录管理系统新.exe
c:\users\mmq\source\repos\通讯录管理系统新\通讯录管理系统新\x64\debug\通讯录管理系统新.ilk
c:\users\mmq\source\repos\通讯录管理系统新\x64\debug\通讯录管理系统新.pdb
c:\users\mmq\source\repos\通讯录管理系统新\通讯录管理系统新\x64\debug\friend.h.module.json
c:\users\mmq\source\repos\通讯录管理系统新\通讯录管理系统新\x64\debug\friend.h.obj
c:\users\mmq\source\repos\通讯录管理系统新\通讯录管理系统新\x64\debug\通讯录管理系统新.tlog\cl.command.1.tlog
c:\users\mmq\source\repos\通讯录管理系统新\通讯录管理系统新\x64\debug\通讯录管理系统新.tlog\cl.items.tlog
c:\users\mmq\source\repos\通讯录管理系统新\通讯录管理系统新\x64\debug\通讯录管理系统新.tlog\cl.read.1.tlog
c:\users\mmq\source\repos\通讯录管理系统新\通讯录管理系统新\x64\debug\通讯录管理系统新.tlog\cl.write.1.tlog
c:\users\mmq\source\repos\通讯录管理系统新\通讯录管理系统新\x64\debug\通讯录管理系统新.tlog\link.command.1.tlog
c:\users\mmq\source\repos\通讯录管理系统新\通讯录管理系统新\x64\debug\通讯录管理系统新.tlog\link.read.1.tlog
c:\users\mmq\source\repos\通讯录管理系统新\通讯录管理系统新\x64\debug\通讯录管理系统新.tlog\link.write.1.tlog
c:\users\mmq\source\repos\通讯录管理系统新\通讯录管理系统新\x64\debug\通讯录管理系统新_md.tlog\cl.command.1.tlog
c:\users\mmq\source\repos\通讯录管理系统新\通讯录管理系统新\x64\debug\通讯录管理系统新_md.tlog\microsoft.build.cpptasks.cl.read.1.tlog
c:\users\mmq\source\repos\通讯录管理系统新\通讯录管理系统新\x64\debug\通讯录管理系统新_md.tlog\microsoft.build.cpptasks.cl.write.1.tlog
